22/02/2014 19:59:41: DEBUG    file logger attached
22/02/2014 19:59:41: INFO     running step 1 - Step1
22/02/2014 19:59:41: INFO     sequence was extracted from pdb file. sequence length=153
22/02/2014 19:59:41: INFO     running step 2 - manual blast
22/02/2014 20:06:52: INFO     running step 3 - Step3
22/02/2014 20:09:30: INFO     running step 4 - Step4
22/02/2014 20:09:32: INFO     sequence length is 1423
22/02/2014 20:09:32: INFO     found 501 sequences
22/02/2014 20:09:44: INFO     1% calculated
22/02/2014 20:10:00: INFO     2% calculated
22/02/2014 20:10:23: INFO     3% calculated
22/02/2014 20:10:46: INFO     4% calculated
22/02/2014 20:11:11: INFO     5% calculated
22/02/2014 20:11:36: INFO     6% calculated
22/02/2014 20:12:15: INFO     7% calculated
22/02/2014 20:12:44: INFO     8% calculated
22/02/2014 20:13:17: INFO     9% calculated
22/02/2014 20:13:50: INFO     10% calculated
22/02/2014 20:14:18: INFO     11% calculated
22/02/2014 20:14:48: INFO     12% calculated
22/02/2014 20:15:18: INFO     13% calculated
22/02/2014 20:15:46: INFO     14% calculated
22/02/2014 20:16:13: INFO     15% calculated
22/02/2014 20:16:40: INFO     16% calculated
22/02/2014 20:17:06: INFO     17% calculated
22/02/2014 20:17:32: INFO     18% calculated
22/02/2014 20:17:57: INFO     19% calculated
22/02/2014 20:18:22: INFO     20% calculated
22/02/2014 20:18:47: INFO     21% calculated
22/02/2014 20:19:11: INFO     22% calculated
22/02/2014 20:19:35: INFO     23% calculated
22/02/2014 20:19:59: INFO     24% calculated
22/02/2014 20:20:23: INFO     25% calculated
22/02/2014 20:20:47: INFO     26% calculated
22/02/2014 20:21:09: INFO     27% calculated
22/02/2014 20:21:33: INFO     28% calculated
22/02/2014 20:21:55: INFO     29% calculated
22/02/2014 20:22:18: INFO     30% calculated
22/02/2014 20:22:40: INFO     31% calculated
22/02/2014 20:23:02: INFO     32% calculated
22/02/2014 20:23:24: INFO     33% calculated
22/02/2014 20:23:46: INFO     34% calculated
22/02/2014 20:24:08: INFO     35% calculated
22/02/2014 20:24:29: INFO     36% calculated
22/02/2014 20:24:52: INFO     37% calculated
22/02/2014 20:25:15: INFO     38% calculated
22/02/2014 20:25:37: INFO     39% calculated
22/02/2014 20:25:59: INFO     40% calculated
22/02/2014 20:26:20: INFO     41% calculated
22/02/2014 20:26:41: INFO     42% calculated
22/02/2014 20:27:02: INFO     43% calculated
22/02/2014 20:27:23: INFO     44% calculated
22/02/2014 20:27:44: INFO     45% calculated
22/02/2014 20:28:04: INFO     46% calculated
22/02/2014 20:28:25: INFO     47% calculated
22/02/2014 20:28:45: INFO     48% calculated
22/02/2014 20:29:05: INFO     49% calculated
22/02/2014 20:29:25: INFO     50% calculated
22/02/2014 20:29:45: INFO     51% calculated
22/02/2014 20:30:05: INFO     52% calculated
22/02/2014 20:30:25: INFO     53% calculated
22/02/2014 20:30:45: INFO     54% calculated
22/02/2014 20:31:05: INFO     55% calculated
22/02/2014 20:31:25: INFO     56% calculated
22/02/2014 20:31:44: INFO     57% calculated
22/02/2014 20:32:04: INFO     58% calculated
22/02/2014 20:32:24: INFO     59% calculated
22/02/2014 20:32:43: INFO     60% calculated
22/02/2014 20:33:04: INFO     61% calculated
22/02/2014 20:33:25: INFO     62% calculated
22/02/2014 20:33:44: INFO     63% calculated
22/02/2014 20:34:04: INFO     64% calculated
22/02/2014 20:34:23: INFO     65% calculated
22/02/2014 20:34:42: INFO     66% calculated
22/02/2014 20:35:02: INFO     67% calculated
22/02/2014 20:35:22: INFO     68% calculated
22/02/2014 20:35:41: INFO     69% calculated
22/02/2014 20:36:01: INFO     70% calculated
22/02/2014 20:36:19: INFO     71% calculated
22/02/2014 20:36:39: INFO     72% calculated
22/02/2014 20:36:58: INFO     73% calculated
22/02/2014 20:37:17: INFO     74% calculated
22/02/2014 20:37:36: INFO     75% calculated
22/02/2014 20:37:54: INFO     76% calculated
22/02/2014 20:38:12: INFO     77% calculated
22/02/2014 20:38:31: INFO     78% calculated
22/02/2014 20:38:49: INFO     79% calculated
22/02/2014 20:39:08: INFO     80% calculated
22/02/2014 20:39:26: INFO     81% calculated
22/02/2014 20:39:44: INFO     82% calculated
22/02/2014 20:40:03: INFO     83% calculated
22/02/2014 20:40:20: INFO     84% calculated
22/02/2014 20:40:39: INFO     85% calculated
22/02/2014 20:40:57: INFO     86% calculated
22/02/2014 20:41:15: INFO     87% calculated
22/02/2014 20:41:33: INFO     88% calculated
22/02/2014 20:41:51: INFO     89% calculated
22/02/2014 20:42:09: INFO     90% calculated
22/02/2014 20:42:27: INFO     91% calculated
22/02/2014 20:42:44: INFO     92% calculated
22/02/2014 20:43:03: INFO     93% calculated
22/02/2014 20:43:20: INFO     94% calculated
22/02/2014 20:43:38: INFO     95% calculated
22/02/2014 20:43:56: INFO     96% calculated
22/02/2014 20:44:13: INFO     97% calculated
22/02/2014 20:44:31: INFO     98% calculated
22/02/2014 20:44:48: INFO     99% calculated
22/02/2014 20:45:04: INFO     running step 5 - Step5
22/02/2014 20:45:32: INFO     running step 6 - Step6
22/02/2014 20:45:32: INFO     running step 7 - Step7
22/02/2014 20:45:32: INFO     correlations has 153 lines. distances has 153 lines
22/02/2014 21:11:15: DEBUG    file logger attached
22/02/2014 21:11:15: INFO     deleting previous results (steps 7-7)
22/02/2014 21:11:15: INFO     running step 7 - Step7
22/02/2014 21:11:15: INFO     correlations has 153 lines. distances has 153 lines
22/02/2014 21:15:08: DEBUG    file logger attached
22/02/2014 21:15:08: INFO     deleting previous results (steps 7-7)
22/02/2014 21:15:08: INFO     running step 7 - Step7
22/02/2014 21:15:08: INFO     correlations has 153 lines. distances has 153 lines
22/02/2014 21:16:57: DEBUG    file logger attached
22/02/2014 21:16:57: INFO     deleting previous results (steps 7-7)
22/02/2014 21:16:57: INFO     running step 7 - Step7
22/02/2014 21:16:57: INFO     correlations has 153 lines. distances has 153 lines
22/02/2014 21:17:54: DEBUG    file logger attached
22/02/2014 21:17:54: INFO     deleting previous results (steps 7-7)
22/02/2014 21:17:54: INFO     running step 7 - Step7
22/02/2014 21:17:54: INFO     correlations has 153 lines. distances has 153 lines
23/02/2014 09:16:17: DEBUG    file logger attached
23/02/2014 09:16:17: INFO     deleting previous results (steps 5-7)
23/02/2014 09:16:17: DEBUG    deleting /Users/Wes/working/trunk/results/2014-02-22 19-59-41/correlations_reduced.txt
23/02/2014 09:16:17: DEBUG    deleting /Users/Wes/working/trunk/results/2014-02-22 19-59-41/correlation_for_pair.txt
23/02/2014 09:16:17: INFO     running step 5 - Step5
23/02/2014 09:16:42: INFO     running step 6 - Step6
23/02/2014 09:16:42: INFO     running step 7 - Step7
23/02/2014 09:16:42: INFO     correlations has 153 lines. distances has 153 lines
10/03/2014 15:47:49: DEBUG    file logger attached
10/03/2014 15:47:49: INFO     deleting previous results (steps 7-7)
10/03/2014 15:47:49: INFO     running step 7 - Step7
10/03/2014 15:47:49: INFO     correlations has 153 lines. distances has 153 lines
10/03/2014 15:53:38: DEBUG    file logger attached
10/03/2014 15:53:38: INFO     deleting previous results (steps 7-7)
10/03/2014 15:53:38: INFO     running step 7 - Step7
10/03/2014 15:53:38: INFO     correlations has 153 lines. distances has 153 lines
10/03/2014 15:55:16: DEBUG    file logger attached
10/03/2014 15:55:16: INFO     deleting previous results (steps 7-7)
10/03/2014 15:55:16: INFO     running step 7 - Step7
10/03/2014 15:55:16: INFO     correlations has 153 lines. distances has 153 lines
10/03/2014 15:56:02: DEBUG    file logger attached
10/03/2014 15:56:02: INFO     deleting previous results (steps 7-7)
10/03/2014 15:56:02: INFO     running step 7 - Step7
10/03/2014 15:56:02: INFO     correlations has 153 lines. distances has 153 lines
10/03/2014 15:56:35: DEBUG    file logger attached
10/03/2014 15:56:35: INFO     deleting previous results (steps 7-7)
10/03/2014 15:56:35: INFO     running step 7 - Step7
10/03/2014 15:56:35: INFO     correlations has 153 lines. distances has 153 lines
10/03/2014 15:58:12: DEBUG    file logger attached
10/03/2014 15:58:12: INFO     deleting previous results (steps 7-7)
10/03/2014 15:58:12: INFO     running step 7 - Step7
10/03/2014 15:58:12: INFO     correlations has 153 lines. distances has 153 lines
