10/03/2014 17:12:48: DEBUG    file logger attached
10/03/2014 17:12:48: INFO     running step 1 - Step1
10/03/2014 17:12:48: INFO     sequence was extracted from pdb file. sequence length=21
10/03/2014 17:12:48: INFO     running step 2 - manual blast
10/03/2014 17:21:29: INFO     running step 3 - Step3
10/03/2014 17:21:35: INFO     running step 4 - Step4
10/03/2014 17:21:35: INFO     sequence length is 959
10/03/2014 17:21:35: INFO     found 501 sequences
10/03/2014 17:21:41: INFO     1% calculated
10/03/2014 17:21:48: INFO     2% calculated
10/03/2014 17:21:54: INFO     3% calculated
10/03/2014 17:22:00: INFO     4% calculated
10/03/2014 17:22:07: INFO     5% calculated
10/03/2014 17:22:13: INFO     6% calculated
10/03/2014 17:22:19: INFO     7% calculated
10/03/2014 17:22:26: INFO     8% calculated
10/03/2014 17:22:32: INFO     9% calculated
10/03/2014 17:22:39: INFO     10% calculated
10/03/2014 17:22:46: INFO     11% calculated
10/03/2014 17:22:53: INFO     12% calculated
10/03/2014 17:22:59: INFO     13% calculated
10/03/2014 17:23:06: INFO     14% calculated
10/03/2014 17:23:14: INFO     15% calculated
10/03/2014 17:23:22: INFO     16% calculated
10/03/2014 17:23:31: INFO     17% calculated
10/03/2014 17:23:39: INFO     18% calculated
10/03/2014 17:23:47: INFO     19% calculated
10/03/2014 17:23:55: INFO     20% calculated
10/03/2014 17:24:04: INFO     21% calculated
10/03/2014 17:24:12: INFO     22% calculated
10/03/2014 17:24:21: INFO     23% calculated
10/03/2014 17:24:29: INFO     24% calculated
10/03/2014 17:24:37: INFO     25% calculated
10/03/2014 17:24:45: INFO     26% calculated
10/03/2014 17:24:53: INFO     27% calculated
10/03/2014 17:25:01: INFO     28% calculated
10/03/2014 17:25:07: INFO     29% calculated
10/03/2014 17:25:16: INFO     30% calculated
10/03/2014 17:25:24: INFO     31% calculated
10/03/2014 17:25:32: INFO     32% calculated
10/03/2014 17:25:41: INFO     33% calculated
10/03/2014 17:25:50: INFO     34% calculated
10/03/2014 17:25:59: INFO     35% calculated
10/03/2014 17:26:09: INFO     36% calculated
10/03/2014 17:26:18: INFO     37% calculated
10/03/2014 17:26:27: INFO     38% calculated
10/03/2014 17:26:37: INFO     39% calculated
10/03/2014 17:26:46: INFO     40% calculated
10/03/2014 17:26:56: INFO     41% calculated
10/03/2014 17:27:10: DEBUG    file logger attached
10/03/2014 17:27:10: INFO     deleting previous results (steps 2-7)
10/03/2014 17:27:10: DEBUG    deleting /Users/Wes/working/trunk/results/2014-03-10 17-12-48/blast3.fasta
10/03/2014 17:27:10: DEBUG    deleting /Users/Wes/working/trunk/results/2014-03-10 17-12-48/msa.fasta
10/03/2014 17:27:10: INFO     running step 2 - manual blast
10/03/2014 17:27:39: INFO     running step 3 - Step3
10/03/2014 17:27:39: INFO     running step 4 - Step4
10/03/2014 17:27:39: INFO     sequence length is 22
10/03/2014 17:27:39: INFO     found 501 sequences
10/03/2014 17:27:39: INFO     1% calculated
10/03/2014 17:27:39: INFO     2% calculated
10/03/2014 17:27:39: INFO     3% calculated
10/03/2014 17:27:39: INFO     4% calculated
10/03/2014 17:27:39: INFO     5% calculated
10/03/2014 17:27:39: INFO     6% calculated
10/03/2014 17:27:39: INFO     7% calculated
10/03/2014 17:27:39: INFO     8% calculated
10/03/2014 17:27:39: INFO     9% calculated
10/03/2014 17:27:39: INFO     10% calculated
10/03/2014 17:27:39: INFO     11% calculated
10/03/2014 17:27:39: INFO     12% calculated
10/03/2014 17:27:39: INFO     13% calculated
10/03/2014 17:27:39: INFO     14% calculated
10/03/2014 17:27:39: INFO     15% calculated
10/03/2014 17:27:40: INFO     16% calculated
10/03/2014 17:27:40: INFO     17% calculated
10/03/2014 17:27:40: INFO     18% calculated
10/03/2014 17:27:40: INFO     19% calculated
10/03/2014 17:27:40: INFO     20% calculated
10/03/2014 17:27:40: INFO     21% calculated
10/03/2014 17:27:40: INFO     22% calculated
10/03/2014 17:27:40: INFO     23% calculated
10/03/2014 17:27:40: INFO     24% calculated
10/03/2014 17:27:40: INFO     25% calculated
10/03/2014 17:27:40: INFO     26% calculated
10/03/2014 17:27:40: INFO     27% calculated
10/03/2014 17:27:40: INFO     28% calculated
10/03/2014 17:27:40: INFO     29% calculated
10/03/2014 17:27:40: INFO     30% calculated
10/03/2014 17:27:40: INFO     31% calculated
10/03/2014 17:27:40: INFO     32% calculated
10/03/2014 17:27:40: INFO     33% calculated
10/03/2014 17:27:40: INFO     34% calculated
10/03/2014 17:27:40: INFO     35% calculated
10/03/2014 17:27:40: INFO     36% calculated
10/03/2014 17:27:40: INFO     37% calculated
10/03/2014 17:27:40: INFO     38% calculated
10/03/2014 17:27:40: INFO     39% calculated
10/03/2014 17:27:40: INFO     40% calculated
10/03/2014 17:27:40: INFO     41% calculated
10/03/2014 17:27:40: INFO     42% calculated
10/03/2014 17:27:40: INFO     43% calculated
10/03/2014 17:27:40: INFO     44% calculated
10/03/2014 17:27:40: INFO     45% calculated
10/03/2014 17:27:40: INFO     46% calculated
10/03/2014 17:27:40: INFO     47% calculated
10/03/2014 17:27:40: INFO     48% calculated
10/03/2014 17:27:40: INFO     49% calculated
10/03/2014 17:27:40: INFO     50% calculated
10/03/2014 17:27:40: INFO     51% calculated
10/03/2014 17:27:40: INFO     52% calculated
10/03/2014 17:27:40: INFO     53% calculated
10/03/2014 17:27:40: INFO     54% calculated
10/03/2014 17:27:40: INFO     55% calculated
10/03/2014 17:27:40: INFO     56% calculated
10/03/2014 17:27:40: INFO     57% calculated
10/03/2014 17:27:40: INFO     58% calculated
10/03/2014 17:27:40: INFO     59% calculated
10/03/2014 17:27:40: INFO     60% calculated
10/03/2014 17:27:40: INFO     61% calculated
10/03/2014 17:27:40: INFO     62% calculated
10/03/2014 17:27:40: INFO     63% calculated
10/03/2014 17:27:40: INFO     64% calculated
10/03/2014 17:27:40: INFO     65% calculated
10/03/2014 17:27:40: INFO     66% calculated
10/03/2014 17:27:40: INFO     67% calculated
10/03/2014 17:27:40: INFO     68% calculated
10/03/2014 17:27:40: INFO     69% calculated
10/03/2014 17:27:40: INFO     70% calculated
10/03/2014 17:27:40: INFO     71% calculated
10/03/2014 17:27:40: INFO     72% calculated
10/03/2014 17:27:40: INFO     73% calculated
10/03/2014 17:27:40: INFO     74% calculated
10/03/2014 17:27:40: INFO     75% calculated
10/03/2014 17:27:40: INFO     76% calculated
10/03/2014 17:27:40: INFO     77% calculated
10/03/2014 17:27:40: INFO     78% calculated
10/03/2014 17:27:40: INFO     79% calculated
10/03/2014 17:27:40: INFO     80% calculated
10/03/2014 17:27:40: INFO     81% calculated
10/03/2014 17:27:40: INFO     82% calculated
10/03/2014 17:27:40: INFO     83% calculated
10/03/2014 17:27:40: INFO     84% calculated
10/03/2014 17:27:40: INFO     85% calculated
10/03/2014 17:27:40: INFO     86% calculated
10/03/2014 17:27:40: INFO     87% calculated
10/03/2014 17:27:40: INFO     88% calculated
10/03/2014 17:27:40: INFO     89% calculated
10/03/2014 17:27:40: INFO     90% calculated
10/03/2014 17:27:40: INFO     91% calculated
10/03/2014 17:27:40: INFO     running step 5 - Step5
10/03/2014 17:27:40: INFO     running step 6 - Step6
10/03/2014 17:27:40: INFO     running step 7 - Step7
10/03/2014 17:27:40: INFO     correlations has 21 lines. distances has 21 lines
