22/02/2014 19:06:52: DEBUG    file logger attached
22/02/2014 19:06:52: INFO     running step 1 - Step1
22/02/2014 19:06:52: INFO     running step 2 - manual blast
22/02/2014 19:15:55: DEBUG    file logger attached
22/02/2014 19:15:55: INFO     deleting previous results (steps 1-7)
22/02/2014 19:15:55: DEBUG    deleting /Users/Wes/working/trunk/results/2014-02-22 19-06-52/reference.fasta
22/02/2014 19:15:55: INFO     running step 1 - Step1
22/02/2014 19:15:55: INFO     sequence was extracted from pdb file. sequence length=585
22/02/2014 19:16:25: DEBUG    file logger attached
22/02/2014 19:16:25: INFO     deleting previous results (steps 1-7)
22/02/2014 19:16:25: DEBUG    deleting /Users/Wes/working/trunk/results/2014-02-22 19-06-52/reference.fasta
22/02/2014 19:16:25: INFO     running step 1 - Step1
22/02/2014 19:16:26: INFO     sequence was extracted from pdb file. sequence length=585
22/02/2014 19:17:21: DEBUG    file logger attached
22/02/2014 19:17:21: INFO     deleting previous results (steps 1-7)
22/02/2014 19:17:21: DEBUG    deleting /Users/Wes/working/trunk/results/2014-02-22 19-06-52/reference.fasta
22/02/2014 19:17:21: INFO     running step 1 - Step1
22/02/2014 19:17:22: INFO     sequence was extracted from pdb file. sequence length=585
22/02/2014 19:17:22: INFO     running step 2 - manual blast
22/02/2014 19:22:26: DEBUG    file logger attached
22/02/2014 19:22:26: INFO     deleting previous results (steps 1-7)
22/02/2014 19:22:26: DEBUG    deleting /Users/Wes/working/trunk/results/2014-02-22 19-06-52/reference.fasta
22/02/2014 19:22:26: INFO     running step 1 - Step1
22/02/2014 19:22:26: INFO     sequence was extracted from pdb file. sequence length=585
22/02/2014 19:22:29: INFO     running step 2 - manual blast
22/02/2014 19:24:09: DEBUG    file logger attached
22/02/2014 19:24:09: INFO     deleting previous results (steps 1-7)
22/02/2014 19:24:09: DEBUG    deleting /Users/Wes/working/trunk/results/2014-02-22 19-06-52/distances_matrix.txt
22/02/2014 19:24:09: DEBUG    deleting /Users/Wes/working/trunk/results/2014-02-22 19-06-52/reference.fasta
22/02/2014 19:24:09: INFO     running step 1 - Step1
22/02/2014 19:24:10: INFO     sequence was extracted from pdb file. sequence length=585
22/02/2014 19:24:13: INFO     running step 2 - manual blast
22/02/2014 19:36:29: DEBUG    file logger attached
22/02/2014 19:36:29: INFO     deleting previous results (steps 1-7)
22/02/2014 19:36:29: DEBUG    deleting /Users/Wes/working/trunk/results/2014-02-22 19-06-52/distances_matrix.txt
22/02/2014 19:36:29: DEBUG    deleting /Users/Wes/working/trunk/results/2014-02-22 19-06-52/reference.fasta
22/02/2014 19:36:29: INFO     running step 1 - Step1
22/02/2014 19:36:30: INFO     sequence was extracted from pdb file. sequence length=585
22/02/2014 19:36:33: INFO     running step 2 - manual blast
22/02/2014 19:37:29: DEBUG    file logger attached
22/02/2014 19:37:29: INFO     deleting previous results (steps 1-7)
22/02/2014 19:37:29: DEBUG    deleting /Users/Wes/working/trunk/results/2014-02-22 19-06-52/distances_matrix.txt
22/02/2014 19:37:29: DEBUG    deleting /Users/Wes/working/trunk/results/2014-02-22 19-06-52/reference.fasta
22/02/2014 19:37:29: INFO     running step 1 - Step1
22/02/2014 19:37:29: INFO     sequence was extracted from pdb file. sequence length=585
22/02/2014 19:37:32: INFO     running step 2 - manual blast
22/02/2014 19:44:19: INFO     running step 3 - Step3
22/02/2014 20:03:06: DEBUG    file logger attached
22/02/2014 20:03:06: INFO     deleting previous results (steps 3-7)
22/02/2014 20:03:06: DEBUG    deleting /Users/Wes/working/trunk/results/2014-02-22 19-06-52/msa.fasta
22/02/2014 20:03:06: INFO     running step 3 - Step3
22/02/2014 20:12:56: DEBUG    file logger attached
22/02/2014 20:12:56: INFO     deleting previous results (steps 2-7)
22/02/2014 20:12:56: DEBUG    deleting /Users/Wes/working/trunk/results/2014-02-22 19-06-52/blast3.fasta
22/02/2014 20:12:56: DEBUG    deleting /Users/Wes/working/trunk/results/2014-02-22 19-06-52/msa.fasta
22/02/2014 20:12:56: INFO     running step 2 - manual blast
22/02/2014 20:13:44: INFO     running step 3 - Step3
22/02/2014 20:14:49: INFO     running step 4 - Step4
22/02/2014 20:14:51: INFO     sequence length is 2752
22/02/2014 20:14:51: INFO     found 501 sequences
22/02/2014 20:15:45: INFO     1% calculated
22/02/2014 20:16:54: INFO     2% calculated
22/02/2014 20:18:02: INFO     3% calculated
22/02/2014 20:19:08: INFO     4% calculated
22/02/2014 20:20:17: INFO     5% calculated
22/02/2014 20:21:33: INFO     6% calculated
22/02/2014 20:22:45: INFO     7% calculated
22/02/2014 20:23:55: INFO     8% calculated
22/02/2014 20:25:04: INFO     9% calculated
22/02/2014 20:26:22: INFO     10% calculated
22/02/2014 20:27:42: INFO     11% calculated
22/02/2014 20:29:00: INFO     12% calculated
22/02/2014 20:30:23: INFO     13% calculated
22/02/2014 20:31:40: INFO     14% calculated
22/02/2014 20:32:43: INFO     15% calculated
22/02/2014 20:33:52: INFO     16% calculated
22/02/2014 20:34:57: INFO     17% calculated
22/02/2014 20:36:08: INFO     18% calculated
22/02/2014 20:37:33: INFO     19% calculated
22/02/2014 20:38:51: INFO     20% calculated
22/02/2014 20:40:03: INFO     21% calculated
22/02/2014 20:41:18: INFO     22% calculated
22/02/2014 20:42:28: INFO     23% calculated
22/02/2014 20:43:48: INFO     24% calculated
22/02/2014 20:45:11: INFO     25% calculated
22/02/2014 20:46:28: INFO     26% calculated
22/02/2014 20:47:45: INFO     27% calculated
22/02/2014 20:49:04: INFO     28% calculated
22/02/2014 20:50:26: INFO     29% calculated
22/02/2014 20:51:45: INFO     30% calculated
22/02/2014 20:53:04: INFO     31% calculated
22/02/2014 20:54:21: INFO     32% calculated
22/02/2014 20:55:37: INFO     33% calculated
22/02/2014 20:56:53: INFO     34% calculated
22/02/2014 20:58:11: INFO     35% calculated
22/02/2014 20:59:29: INFO     36% calculated
22/02/2014 21:00:48: INFO     37% calculated
22/02/2014 21:02:06: INFO     38% calculated
22/02/2014 21:03:24: INFO     39% calculated
22/02/2014 21:04:36: INFO     40% calculated
22/02/2014 21:05:51: INFO     41% calculated
22/02/2014 21:07:14: INFO     42% calculated
22/02/2014 21:08:35: INFO     43% calculated
22/02/2014 21:09:51: INFO     44% calculated
22/02/2014 21:11:06: INFO     45% calculated
22/02/2014 21:12:21: INFO     46% calculated
22/02/2014 21:13:42: INFO     47% calculated
22/02/2014 21:14:54: INFO     48% calculated
22/02/2014 21:16:08: INFO     49% calculated
22/02/2014 21:17:22: INFO     50% calculated
22/02/2014 21:18:34: INFO     51% calculated
22/02/2014 21:19:47: INFO     52% calculated
22/02/2014 21:21:00: INFO     53% calculated
22/02/2014 21:22:10: INFO     54% calculated
22/02/2014 21:24:33: INFO     55% calculated
22/02/2014 21:25:57: INFO     56% calculated
22/02/2014 21:27:18: INFO     57% calculated
22/02/2014 21:28:40: INFO     58% calculated
22/02/2014 21:29:56: INFO     59% calculated
22/02/2014 21:31:11: INFO     60% calculated
22/02/2014 21:32:27: INFO     61% calculated
22/02/2014 21:33:40: INFO     62% calculated
22/02/2014 21:34:52: INFO     63% calculated
22/02/2014 21:36:04: INFO     64% calculated
22/02/2014 21:37:16: INFO     65% calculated
22/02/2014 21:38:25: INFO     66% calculated
22/02/2014 21:39:34: INFO     67% calculated
22/02/2014 21:40:43: INFO     68% calculated
22/02/2014 21:41:51: INFO     69% calculated
22/02/2014 21:43:00: INFO     70% calculated
22/02/2014 21:44:08: INFO     71% calculated
22/02/2014 21:45:16: INFO     72% calculated
22/02/2014 21:46:27: INFO     73% calculated
22/02/2014 21:47:37: INFO     74% calculated
22/02/2014 21:48:44: INFO     75% calculated
22/02/2014 21:49:51: INFO     76% calculated
22/02/2014 21:50:57: INFO     77% calculated
22/02/2014 21:52:05: INFO     78% calculated
22/02/2014 21:53:11: INFO     79% calculated
22/02/2014 21:54:19: INFO     80% calculated
22/02/2014 21:55:27: INFO     81% calculated
22/02/2014 21:56:34: INFO     82% calculated
22/02/2014 21:57:47: INFO     83% calculated
22/02/2014 21:59:01: INFO     84% calculated
22/02/2014 22:00:14: INFO     85% calculated
22/02/2014 22:01:27: INFO     86% calculated
22/02/2014 22:02:40: INFO     87% calculated
22/02/2014 22:03:53: INFO     88% calculated
22/02/2014 22:05:06: INFO     89% calculated
22/02/2014 22:06:18: INFO     90% calculated
22/02/2014 22:07:31: INFO     91% calculated
22/02/2014 22:08:44: INFO     92% calculated
22/02/2014 22:09:56: INFO     93% calculated
22/02/2014 22:11:08: INFO     94% calculated
22/02/2014 22:12:21: INFO     95% calculated
22/02/2014 22:13:33: INFO     96% calculated
22/02/2014 22:14:45: INFO     97% calculated
22/02/2014 22:15:57: INFO     98% calculated
22/02/2014 22:17:09: INFO     99% calculated
22/02/2014 22:18:20: INFO     running step 5 - Step5
22/02/2014 22:21:28: INFO     running step 6 - Step6
22/02/2014 22:21:30: INFO     running step 7 - Step7
22/02/2014 22:21:30: INFO     correlations has 585 lines. distances has 585 lines
23/02/2014 10:37:46: DEBUG    file logger attached
23/02/2014 10:37:46: INFO     deleting previous results (steps 5-7)
23/02/2014 10:37:46: DEBUG    deleting /Users/Wes/working/trunk/results/2014-02-22 19-06-52/correlations_reduced.txt
23/02/2014 10:37:46: DEBUG    deleting /Users/Wes/working/trunk/results/2014-02-22 19-06-52/correlation_for_pair.txt
23/02/2014 10:37:46: INFO     running step 5 - Step5
23/02/2014 10:41:00: INFO     running step 6 - Step6
23/02/2014 10:41:02: INFO     running step 7 - Step7
23/02/2014 10:41:02: INFO     correlations has 585 lines. distances has 585 lines
23/02/2014 11:47:29: DEBUG    file logger attached
23/02/2014 11:47:29: INFO     deleting previous results (steps 5-7)
23/02/2014 11:47:29: DEBUG    deleting /Users/Wes/working/trunk/results/2014-02-22 19-06-52/correlations_reduced.txt
23/02/2014 11:47:29: DEBUG    deleting /Users/Wes/working/trunk/results/2014-02-22 19-06-52/correlation_for_pair.txt
23/02/2014 11:47:29: INFO     running step 5 - Step5
23/02/2014 11:51:02: INFO     running step 6 - Step6
23/02/2014 11:51:03: INFO     running step 7 - Step7
23/02/2014 11:51:03: INFO     correlations has 585 lines. distances has 585 lines
