20/02/2014 11:31:51: DEBUG    file logger attached
20/02/2014 11:31:51: INFO     running step 1 - Step1
20/02/2014 11:31:51: INFO     sequence was extracted from pdb file. sequence length=572
20/02/2014 11:31:54: INFO     running step 2 - manual blast
20/02/2014 11:32:09: INFO     running step 3 - Step3
20/02/2014 11:32:09: INFO     running step 4 - Step4
20/02/2014 11:32:30: DEBUG    file logger attached
20/02/2014 11:32:30: INFO     deleting previous results (steps 2-7)
20/02/2014 11:32:30: DEBUG    deleting /Users/Wes/working/trunk/results/2014-02-20 11-31-51/blast3.fasta
20/02/2014 11:32:30: DEBUG    deleting /Users/Wes/working/trunk/results/2014-02-20 11-31-51/msa.fasta
20/02/2014 11:32:30: INFO     running step 2 - manual blast
20/02/2014 11:33:30: INFO     running step 3 - Step3
20/02/2014 11:35:13: DEBUG    file logger attached
20/02/2014 11:35:13: INFO     deleting previous results (steps 3-7)
20/02/2014 11:35:13: INFO     running step 3 - Step3
20/02/2014 11:35:17: DEBUG    file logger attached
20/02/2014 11:35:17: INFO     deleting previous results (steps 3-7)
20/02/2014 11:35:17: INFO     running step 3 - Step3
20/02/2014 11:38:35: DEBUG    file logger attached
20/02/2014 11:38:35: INFO     deleting previous results (steps 3-7)
20/02/2014 11:38:35: INFO     running step 3 - Step3
20/02/2014 11:40:35: INFO     running step 4 - Step4
20/02/2014 11:40:36: INFO     sequence length is 1232
20/02/2014 11:40:36: INFO     found 500 sequences
20/02/2014 11:40:47: INFO     1% calculated
20/02/2014 11:40:57: INFO     2% calculated
20/02/2014 11:41:08: INFO     3% calculated
20/02/2014 11:41:23: INFO     4% calculated
20/02/2014 11:41:38: INFO     5% calculated
20/02/2014 11:41:53: INFO     6% calculated
20/02/2014 11:42:08: INFO     7% calculated
20/02/2014 11:42:23: INFO     8% calculated
20/02/2014 11:42:37: INFO     9% calculated
20/02/2014 11:42:51: INFO     10% calculated
20/02/2014 11:43:05: INFO     11% calculated
20/02/2014 11:43:18: INFO     12% calculated
20/02/2014 11:43:32: INFO     13% calculated
20/02/2014 11:43:46: INFO     14% calculated
20/02/2014 11:43:59: INFO     15% calculated
20/02/2014 11:44:14: INFO     16% calculated
20/02/2014 11:44:27: INFO     17% calculated
20/02/2014 11:44:41: INFO     18% calculated
20/02/2014 11:44:55: INFO     19% calculated
20/02/2014 11:45:08: INFO     20% calculated
20/02/2014 11:45:21: INFO     21% calculated
20/02/2014 11:45:34: INFO     22% calculated
20/02/2014 11:45:46: INFO     23% calculated
20/02/2014 11:45:59: INFO     24% calculated
20/02/2014 11:46:13: INFO     25% calculated
20/02/2014 11:46:26: INFO     26% calculated
20/02/2014 11:46:39: INFO     27% calculated
20/02/2014 11:46:52: INFO     28% calculated
20/02/2014 11:47:05: INFO     29% calculated
20/02/2014 11:47:19: INFO     30% calculated
20/02/2014 11:47:32: INFO     31% calculated
20/02/2014 11:47:45: INFO     32% calculated
20/02/2014 11:47:59: INFO     33% calculated
20/02/2014 11:48:12: INFO     34% calculated
20/02/2014 11:48:25: INFO     35% calculated
20/02/2014 11:48:38: INFO     36% calculated
20/02/2014 11:48:52: INFO     37% calculated
20/02/2014 11:49:05: INFO     38% calculated
20/02/2014 11:49:18: INFO     39% calculated
20/02/2014 11:49:31: INFO     40% calculated
20/02/2014 11:49:44: INFO     41% calculated
20/02/2014 11:49:57: INFO     42% calculated
20/02/2014 11:50:10: INFO     43% calculated
20/02/2014 11:50:22: INFO     44% calculated
20/02/2014 11:50:35: INFO     45% calculated
20/02/2014 11:50:48: INFO     46% calculated
20/02/2014 11:51:01: INFO     47% calculated
20/02/2014 11:51:14: INFO     48% calculated
20/02/2014 11:51:27: INFO     49% calculated
20/02/2014 11:51:40: INFO     50% calculated
20/02/2014 11:51:53: INFO     51% calculated
20/02/2014 11:52:06: INFO     52% calculated
20/02/2014 11:52:20: INFO     53% calculated
20/02/2014 11:52:34: INFO     54% calculated
20/02/2014 11:52:47: INFO     55% calculated
20/02/2014 11:53:00: INFO     56% calculated
20/02/2014 11:53:13: INFO     57% calculated
20/02/2014 11:53:26: INFO     58% calculated
20/02/2014 11:53:40: INFO     59% calculated
20/02/2014 11:53:53: INFO     60% calculated
20/02/2014 11:54:06: INFO     61% calculated
20/02/2014 11:54:20: INFO     62% calculated
20/02/2014 11:54:33: INFO     63% calculated
20/02/2014 11:54:46: INFO     64% calculated
20/02/2014 11:55:00: INFO     65% calculated
20/02/2014 11:55:13: INFO     66% calculated
20/02/2014 11:55:26: INFO     67% calculated
20/02/2014 11:55:39: INFO     68% calculated
20/02/2014 11:55:51: INFO     69% calculated
20/02/2014 11:56:04: INFO     70% calculated
20/02/2014 11:56:17: INFO     71% calculated
20/02/2014 11:56:30: INFO     72% calculated
20/02/2014 11:56:42: INFO     73% calculated
20/02/2014 11:56:55: INFO     74% calculated
20/02/2014 11:57:08: INFO     75% calculated
20/02/2014 11:57:21: INFO     76% calculated
20/02/2014 11:57:33: INFO     77% calculated
20/02/2014 11:57:45: INFO     78% calculated
20/02/2014 11:57:58: INFO     79% calculated
20/02/2014 11:58:11: INFO     80% calculated
20/02/2014 11:58:23: INFO     81% calculated
20/02/2014 11:58:36: INFO     82% calculated
20/02/2014 11:58:49: INFO     83% calculated
20/02/2014 11:59:02: INFO     84% calculated
20/02/2014 11:59:15: INFO     85% calculated
20/02/2014 11:59:28: INFO     86% calculated
20/02/2014 11:59:40: INFO     87% calculated
20/02/2014 11:59:53: INFO     88% calculated
20/02/2014 12:00:06: INFO     89% calculated
20/02/2014 12:00:18: INFO     90% calculated
20/02/2014 12:00:31: INFO     91% calculated
20/02/2014 12:00:44: INFO     92% calculated
20/02/2014 12:00:56: INFO     93% calculated
20/02/2014 12:01:08: INFO     94% calculated
20/02/2014 12:01:21: INFO     95% calculated
20/02/2014 12:01:33: INFO     96% calculated
20/02/2014 12:01:46: INFO     97% calculated
20/02/2014 12:01:58: INFO     98% calculated
20/02/2014 12:02:11: INFO     99% calculated
20/02/2014 12:02:22: INFO     running step 5 - Step5
20/02/2014 12:02:22: ERROR    number of refernce sequences != 1
20/02/2014 12:02:22: INFO     running step 6 - Step6
20/02/2014 14:41:08: DEBUG    file logger attached
20/02/2014 14:41:08: INFO     deleting previous results (steps 5-7)
20/02/2014 14:41:08: INFO     running step 5 - Step5
20/02/2014 14:41:08: ERROR    number of refernce sequences != 1
20/02/2014 14:41:08: INFO     running step 6 - Step6
20/02/2014 14:55:10: DEBUG    file logger attached
20/02/2014 14:55:10: INFO     deleting previous results (steps 5-7)
20/02/2014 14:55:10: INFO     running step 5 - Step5
20/02/2014 14:55:10: ERROR    number of refernce sequences != 1
20/02/2014 14:55:10: INFO     running step 6 - Step6
20/02/2014 14:55:35: DEBUG    file logger attached
20/02/2014 14:55:35: INFO     deleting previous results (steps 5-7)
20/02/2014 14:55:35: INFO     running step 5 - Step5
20/02/2014 14:55:35: ERROR    number of refernce sequences != 1
20/02/2014 14:55:35: INFO     running step 6 - Step6
20/02/2014 14:56:47: DEBUG    file logger attached
20/02/2014 14:56:47: INFO     deleting previous results (steps 5-7)
20/02/2014 14:56:47: INFO     running step 5 - Step5
20/02/2014 14:56:47: ERROR    number of refernce sequences != 1
20/02/2014 14:58:15: DEBUG    file logger attached
20/02/2014 14:58:15: INFO     deleting previous results (steps 5-7)
20/02/2014 14:58:15: INFO     running step 5 - Step5
20/02/2014 14:58:15: ERROR    number of refernce sequences != 1
20/02/2014 14:58:15: INFO     running step 6 - Step6
20/02/2014 15:05:35: DEBUG    file logger attached
20/02/2014 15:05:35: INFO     deleting previous results (steps 5-7)
20/02/2014 15:05:35: INFO     running step 5 - Step5
20/02/2014 15:05:36: INFO     running step 6 - Step6
20/02/2014 15:05:41: INFO     running step 7 - Step7
20/02/2014 15:05:41: ERROR    correlations has 1232 lines. distances has 572 lines
20/02/2014 15:10:45: DEBUG    file logger attached
20/02/2014 15:10:45: INFO     deleting previous results (steps 1-7)
20/02/2014 15:10:45: DEBUG    deleting /Users/Wes/working/trunk/results/2014-02-20 11-31-51/distances_matrix.txt
20/02/2014 15:10:45: DEBUG    deleting /Users/Wes/working/trunk/results/2014-02-20 11-31-51/reference.fasta
20/02/2014 15:10:45: DEBUG    deleting /Users/Wes/working/trunk/results/2014-02-20 11-31-51/blast3.fasta
20/02/2014 15:10:45: DEBUG    deleting /Users/Wes/working/trunk/results/2014-02-20 11-31-51/msa.fasta
20/02/2014 15:10:45: DEBUG    deleting /Users/Wes/working/trunk/results/2014-02-20 11-31-51/correlations.txt
20/02/2014 15:10:45: DEBUG    deleting /Users/Wes/working/trunk/results/2014-02-20 11-31-51/correlations_reduced.txt
20/02/2014 15:10:45: DEBUG    deleting /Users/Wes/working/trunk/results/2014-02-20 11-31-51/correlation_for_pair.txt
20/02/2014 15:10:45: INFO     running step 1 - Step1
20/02/2014 15:10:45: INFO     sequence was extracted from pdb file. sequence length=572
20/02/2014 15:10:48: INFO     running step 2 - manual blast
20/02/2014 15:10:52: INFO     running step 3 - Step3
20/02/2014 15:10:52: INFO     running step 4 - Step4
20/02/2014 15:10:59: DEBUG    file logger attached
20/02/2014 15:10:59: INFO     deleting previous results (steps 1-7)
20/02/2014 15:10:59: DEBUG    deleting /Users/Wes/working/trunk/results/2014-02-20 11-31-51/distances_matrix.txt
20/02/2014 15:10:59: DEBUG    deleting /Users/Wes/working/trunk/results/2014-02-20 11-31-51/reference.fasta
20/02/2014 15:10:59: DEBUG    deleting /Users/Wes/working/trunk/results/2014-02-20 11-31-51/blast3.fasta
20/02/2014 15:10:59: DEBUG    deleting /Users/Wes/working/trunk/results/2014-02-20 11-31-51/msa.fasta
20/02/2014 15:10:59: INFO     running step 1 - Step1
20/02/2014 15:10:59: INFO     sequence was extracted from pdb file. sequence length=572
20/02/2014 15:11:02: INFO     running step 2 - manual blast
20/02/2014 15:11:47: INFO     running step 3 - Step3
20/02/2014 15:13:49: INFO     running step 4 - Step4
20/02/2014 15:13:50: INFO     sequence length is 1441
20/02/2014 15:13:50: INFO     found 501 sequences
20/02/2014 15:14:04: INFO     1% calculated
20/02/2014 15:14:20: INFO     2% calculated
20/02/2014 15:14:35: INFO     3% calculated
20/02/2014 15:14:49: INFO     4% calculated
20/02/2014 15:15:04: INFO     5% calculated
20/02/2014 15:15:18: INFO     6% calculated
20/02/2014 15:15:33: INFO     7% calculated
20/02/2014 15:15:47: INFO     8% calculated
20/02/2014 15:16:02: INFO     9% calculated
20/02/2014 15:16:19: INFO     10% calculated
20/02/2014 15:16:39: INFO     11% calculated
20/02/2014 15:16:58: INFO     12% calculated
20/02/2014 15:17:17: INFO     13% calculated
20/02/2014 15:17:36: INFO     14% calculated
20/02/2014 15:17:55: INFO     15% calculated
20/02/2014 15:18:14: INFO     16% calculated
20/02/2014 15:18:33: INFO     17% calculated
20/02/2014 15:18:52: INFO     18% calculated
20/02/2014 15:19:10: INFO     19% calculated
20/02/2014 15:19:28: INFO     20% calculated
20/02/2014 15:19:47: INFO     21% calculated
20/02/2014 15:20:05: INFO     22% calculated
20/02/2014 15:20:24: INFO     23% calculated
20/02/2014 15:20:42: INFO     24% calculated
20/02/2014 15:20:59: INFO     25% calculated
20/02/2014 15:21:17: INFO     26% calculated
20/02/2014 15:21:36: INFO     27% calculated
20/02/2014 15:21:55: INFO     28% calculated
20/02/2014 15:22:14: INFO     29% calculated
20/02/2014 15:22:32: INFO     30% calculated
20/02/2014 15:22:49: INFO     31% calculated
20/02/2014 15:23:07: INFO     32% calculated
20/02/2014 15:23:26: INFO     33% calculated
20/02/2014 15:23:44: INFO     34% calculated
20/02/2014 15:24:00: INFO     35% calculated
20/02/2014 15:24:17: INFO     36% calculated
20/02/2014 15:24:36: INFO     37% calculated
20/02/2014 15:24:54: INFO     38% calculated
20/02/2014 15:25:13: INFO     39% calculated
20/02/2014 15:25:32: INFO     40% calculated
20/02/2014 15:25:50: INFO     41% calculated
20/02/2014 15:26:08: INFO     42% calculated
20/02/2014 15:26:26: INFO     43% calculated
20/02/2014 15:26:44: INFO     44% calculated
20/02/2014 15:27:02: INFO     45% calculated
20/02/2014 15:27:20: INFO     46% calculated
20/02/2014 15:27:37: INFO     47% calculated
20/02/2014 15:27:55: INFO     48% calculated
20/02/2014 15:28:13: INFO     49% calculated
20/02/2014 15:28:30: INFO     50% calculated
20/02/2014 15:28:47: INFO     51% calculated
20/02/2014 15:29:04: INFO     52% calculated
20/02/2014 15:29:22: INFO     53% calculated
20/02/2014 15:29:39: INFO     54% calculated
20/02/2014 15:29:56: INFO     55% calculated
20/02/2014 15:30:14: INFO     56% calculated
20/02/2014 15:30:31: INFO     57% calculated
20/02/2014 15:30:48: INFO     58% calculated
20/02/2014 15:31:06: INFO     59% calculated
20/02/2014 15:31:23: INFO     60% calculated
20/02/2014 15:31:40: INFO     61% calculated
20/02/2014 15:31:57: INFO     62% calculated
20/02/2014 15:32:14: INFO     63% calculated
20/02/2014 15:32:32: INFO     64% calculated
20/02/2014 15:32:50: INFO     65% calculated
20/02/2014 15:33:07: INFO     66% calculated
20/02/2014 15:33:25: INFO     67% calculated
20/02/2014 15:33:43: INFO     68% calculated
20/02/2014 15:34:00: INFO     69% calculated
20/02/2014 15:34:17: INFO     70% calculated
20/02/2014 15:34:34: INFO     71% calculated
20/02/2014 15:34:51: INFO     72% calculated
20/02/2014 15:35:08: INFO     73% calculated
20/02/2014 15:35:26: INFO     74% calculated
20/02/2014 15:35:43: INFO     75% calculated
20/02/2014 15:36:00: INFO     76% calculated
20/02/2014 15:36:17: INFO     77% calculated
20/02/2014 15:36:34: INFO     78% calculated
20/02/2014 15:36:51: INFO     79% calculated
20/02/2014 15:37:08: INFO     80% calculated
20/02/2014 15:37:25: INFO     81% calculated
20/02/2014 15:37:42: INFO     82% calculated
20/02/2014 15:37:59: INFO     83% calculated
20/02/2014 15:38:16: INFO     84% calculated
20/02/2014 15:38:33: INFO     85% calculated
20/02/2014 15:38:50: INFO     86% calculated
20/02/2014 15:39:07: INFO     87% calculated
20/02/2014 15:39:25: INFO     88% calculated
20/02/2014 15:39:42: INFO     89% calculated
20/02/2014 15:40:00: INFO     90% calculated
20/02/2014 15:40:17: INFO     91% calculated
20/02/2014 15:40:34: INFO     92% calculated
20/02/2014 15:40:52: INFO     93% calculated
20/02/2014 15:41:09: INFO     94% calculated
20/02/2014 15:41:27: INFO     95% calculated
20/02/2014 15:41:44: INFO     96% calculated
20/02/2014 15:42:01: INFO     97% calculated
20/02/2014 15:42:19: INFO     98% calculated
20/02/2014 15:42:37: INFO     99% calculated
20/02/2014 15:42:53: INFO     running step 5 - Step5
20/02/2014 15:42:55: INFO     running step 6 - Step6
20/02/2014 15:43:02: INFO     running step 7 - Step7
20/02/2014 15:43:02: ERROR    correlations has 1441 lines. distances has 572 lines
20/02/2014 15:54:48: DEBUG    file logger attached
20/02/2014 15:54:48: INFO     deleting previous results (steps 1-7)
20/02/2014 15:54:48: DEBUG    deleting /Users/Wes/working/trunk/results/2014-02-20 11-31-51/distances_matrix.txt
20/02/2014 15:54:48: DEBUG    deleting /Users/Wes/working/trunk/results/2014-02-20 11-31-51/reference.fasta
20/02/2014 15:54:48: DEBUG    deleting /Users/Wes/working/trunk/results/2014-02-20 11-31-51/blast3.fasta
20/02/2014 15:54:48: DEBUG    deleting /Users/Wes/working/trunk/results/2014-02-20 11-31-51/msa.fasta
20/02/2014 15:54:48: DEBUG    deleting /Users/Wes/working/trunk/results/2014-02-20 11-31-51/correlations.txt
20/02/2014 15:54:48: DEBUG    deleting /Users/Wes/working/trunk/results/2014-02-20 11-31-51/correlations_reduced.txt
20/02/2014 15:54:48: DEBUG    deleting /Users/Wes/working/trunk/results/2014-02-20 11-31-51/correlation_for_pair.txt
20/02/2014 15:54:48: INFO     running step 1 - Step1
20/02/2014 15:54:48: INFO     sequence was extracted from pdb file. sequence length=572
20/02/2014 15:54:51: INFO     running step 2 - manual blast
20/02/2014 15:55:38: DEBUG    file logger attached
20/02/2014 15:55:38: INFO     deleting previous results (steps 1-7)
20/02/2014 15:55:38: DEBUG    deleting /Users/Wes/working/trunk/results/2014-02-20 11-31-51/distances_matrix.txt
20/02/2014 15:55:38: DEBUG    deleting /Users/Wes/working/trunk/results/2014-02-20 11-31-51/reference.fasta
20/02/2014 15:55:38: INFO     running step 1 - Step1
20/02/2014 15:55:39: INFO     sequence was extracted from pdb file. sequence length=572
20/02/2014 15:55:42: INFO     running step 2 - manual blast
20/02/2014 15:57:05: INFO     running step 3 - Step3
20/02/2014 15:59:06: INFO     running step 4 - Step4
20/02/2014 15:59:07: INFO     sequence length is 1441
20/02/2014 15:59:07: INFO     found 501 sequences
20/02/2014 15:59:21: INFO     1% calculated
20/02/2014 15:59:35: INFO     2% calculated
20/02/2014 15:59:49: INFO     3% calculated
20/02/2014 16:00:03: INFO     4% calculated
20/02/2014 16:00:16: INFO     5% calculated
20/02/2014 16:00:30: INFO     6% calculated
20/02/2014 16:00:44: INFO     7% calculated
20/02/2014 16:00:58: INFO     8% calculated
20/02/2014 16:01:12: INFO     9% calculated
20/02/2014 16:01:29: INFO     10% calculated
20/02/2014 16:01:48: INFO     11% calculated
20/02/2014 16:02:07: INFO     12% calculated
20/02/2014 16:02:25: INFO     13% calculated
20/02/2014 16:02:44: INFO     14% calculated
20/02/2014 16:03:02: INFO     15% calculated
20/02/2014 16:03:20: INFO     16% calculated
20/02/2014 16:03:38: INFO     17% calculated
20/02/2014 16:03:56: INFO     18% calculated
20/02/2014 16:04:13: INFO     19% calculated
20/02/2014 16:04:31: INFO     20% calculated
20/02/2014 16:04:49: INFO     21% calculated
20/02/2014 16:05:07: INFO     22% calculated
20/02/2014 16:05:24: INFO     23% calculated
20/02/2014 16:05:42: INFO     24% calculated
20/02/2014 16:06:00: INFO     25% calculated
20/02/2014 16:06:17: INFO     26% calculated
20/02/2014 16:06:35: INFO     27% calculated
20/02/2014 16:06:52: INFO     28% calculated
20/02/2014 16:07:09: INFO     29% calculated
20/02/2014 16:07:25: INFO     30% calculated
20/02/2014 16:07:41: INFO     31% calculated
20/02/2014 16:07:58: INFO     32% calculated
20/02/2014 16:08:16: INFO     33% calculated
20/02/2014 16:08:33: INFO     34% calculated
20/02/2014 16:08:49: INFO     35% calculated
20/02/2014 16:09:05: INFO     36% calculated
20/02/2014 16:09:23: INFO     37% calculated
20/02/2014 16:09:41: INFO     38% calculated
20/02/2014 16:09:59: INFO     39% calculated
20/02/2014 16:10:16: INFO     40% calculated
20/02/2014 16:10:34: INFO     41% calculated
20/02/2014 16:10:51: INFO     42% calculated
20/02/2014 16:11:09: INFO     43% calculated
20/02/2014 16:11:26: INFO     44% calculated
20/02/2014 16:11:44: INFO     45% calculated
20/02/2014 16:12:01: INFO     46% calculated
20/02/2014 16:12:19: INFO     47% calculated
20/02/2014 16:12:36: INFO     48% calculated
20/02/2014 16:12:54: INFO     49% calculated
20/02/2014 16:13:11: INFO     50% calculated
20/02/2014 16:13:27: INFO     51% calculated
20/02/2014 16:13:44: INFO     52% calculated
20/02/2014 16:14:01: INFO     53% calculated
20/02/2014 16:14:18: INFO     54% calculated
20/02/2014 16:14:35: INFO     55% calculated
20/02/2014 16:14:52: INFO     56% calculated
20/02/2014 16:15:09: INFO     57% calculated
20/02/2014 16:15:26: INFO     58% calculated
20/02/2014 16:15:43: INFO     59% calculated
20/02/2014 16:15:59: INFO     60% calculated
20/02/2014 16:16:16: INFO     61% calculated
20/02/2014 16:16:33: INFO     62% calculated
20/02/2014 16:16:50: INFO     63% calculated
20/02/2014 16:17:07: INFO     64% calculated
20/02/2014 16:17:23: INFO     65% calculated
20/02/2014 16:17:40: INFO     66% calculated
20/02/2014 16:17:57: INFO     67% calculated
20/02/2014 16:18:14: INFO     68% calculated
20/02/2014 16:18:30: INFO     69% calculated
20/02/2014 16:18:47: INFO     70% calculated
20/02/2014 16:19:03: INFO     71% calculated
20/02/2014 16:19:20: INFO     72% calculated
20/02/2014 16:19:37: INFO     73% calculated
20/02/2014 16:19:53: INFO     74% calculated
20/02/2014 16:20:10: INFO     75% calculated
20/02/2014 16:20:26: INFO     76% calculated
20/02/2014 16:20:43: INFO     77% calculated
20/02/2014 16:20:59: INFO     78% calculated
20/02/2014 16:21:16: INFO     79% calculated
20/02/2014 16:21:32: INFO     80% calculated
20/02/2014 16:21:49: INFO     81% calculated
20/02/2014 16:22:05: INFO     82% calculated
20/02/2014 16:22:21: INFO     83% calculated
20/02/2014 16:22:38: INFO     84% calculated
20/02/2014 16:22:54: INFO     85% calculated
20/02/2014 16:23:11: INFO     86% calculated
20/02/2014 16:23:27: INFO     87% calculated
20/02/2014 16:23:43: INFO     88% calculated
20/02/2014 16:24:00: INFO     89% calculated
20/02/2014 16:24:16: INFO     90% calculated
20/02/2014 16:24:32: INFO     91% calculated
20/02/2014 16:24:48: INFO     92% calculated
20/02/2014 16:25:05: INFO     93% calculated
20/02/2014 16:25:21: INFO     94% calculated
20/02/2014 16:25:37: INFO     95% calculated
20/02/2014 16:25:53: INFO     96% calculated
20/02/2014 16:26:10: INFO     97% calculated
20/02/2014 16:26:26: INFO     98% calculated
20/02/2014 16:26:42: INFO     99% calculated
20/02/2014 16:26:57: INFO     running step 5 - Step5
20/02/2014 16:26:58: INFO     running step 6 - Step6
20/02/2014 16:27:05: INFO     running step 7 - Step7
20/02/2014 16:27:05: ERROR    correlations has 1441 lines. distances has 570 lines
20/02/2014 17:24:42: DEBUG    file logger attached
20/02/2014 17:24:42: INFO     deleting previous results (steps 5-7)
20/02/2014 17:24:42: DEBUG    deleting /Users/Wes/working/trunk/results/2014-02-20 11-31-51/correlations_reduced.txt
20/02/2014 17:24:42: DEBUG    deleting /Users/Wes/working/trunk/results/2014-02-20 11-31-51/correlation_for_pair.txt
20/02/2014 17:24:42: INFO     running step 5 - Step5
20/02/2014 17:24:43: INFO     running step 6 - Step6
20/02/2014 17:24:50: INFO     running step 7 - Step7
20/02/2014 17:24:50: ERROR    correlations has 1441 lines. distances has 570 lines
22/02/2014 17:39:47: DEBUG    file logger attached
22/02/2014 17:39:47: INFO     deleting previous results (steps 5-7)
22/02/2014 17:39:47: DEBUG    deleting /Users/Wes/working/trunk/results/2014-02-20 11-31-51/correlations_reduced.txt
22/02/2014 17:39:47: DEBUG    deleting /Users/Wes/working/trunk/results/2014-02-20 11-31-51/correlation_for_pair.txt
22/02/2014 17:39:47: INFO     running step 5 - Step5
22/02/2014 17:39:48: INFO     running step 6 - Step6
22/02/2014 17:39:55: INFO     running step 7 - Step7
22/02/2014 17:39:55: ERROR    correlations has 1441 lines. distances has 570 lines
22/02/2014 17:46:04: DEBUG    file logger attached
22/02/2014 17:46:04: INFO     deleting previous results (steps 3-7)
22/02/2014 17:46:04: DEBUG    deleting /Users/Wes/working/trunk/results/2014-02-20 11-31-51/msa.fasta
22/02/2014 17:46:04: DEBUG    deleting /Users/Wes/working/trunk/results/2014-02-20 11-31-51/correlations.txt
22/02/2014 17:46:04: DEBUG    deleting /Users/Wes/working/trunk/results/2014-02-20 11-31-51/correlations_reduced.txt
22/02/2014 17:46:04: DEBUG    deleting /Users/Wes/working/trunk/results/2014-02-20 11-31-51/correlation_for_pair.txt
22/02/2014 17:46:04: INFO     running step 3 - Step3
22/02/2014 17:48:04: INFO     running step 4 - Step4
22/02/2014 17:48:05: INFO     sequence length is 1441
22/02/2014 17:48:05: INFO     found 501 sequences
22/02/2014 17:48:20: INFO     1% calculated
22/02/2014 17:48:34: INFO     2% calculated
22/02/2014 17:48:48: INFO     3% calculated
22/02/2014 17:49:03: INFO     4% calculated
22/02/2014 17:49:17: INFO     5% calculated
22/02/2014 17:49:31: INFO     6% calculated
22/02/2014 17:49:45: INFO     7% calculated
22/02/2014 17:49:59: INFO     8% calculated
22/02/2014 17:50:14: INFO     9% calculated
22/02/2014 17:50:31: INFO     10% calculated
22/02/2014 17:50:50: INFO     11% calculated
22/02/2014 17:51:10: INFO     12% calculated
22/02/2014 17:51:29: INFO     13% calculated
22/02/2014 17:51:49: INFO     14% calculated
22/02/2014 17:52:08: INFO     15% calculated
22/02/2014 17:52:27: INFO     16% calculated
22/02/2014 17:52:46: INFO     17% calculated
22/02/2014 17:53:04: INFO     18% calculated
22/02/2014 17:53:22: INFO     19% calculated
22/02/2014 17:53:40: INFO     20% calculated
22/02/2014 17:53:59: INFO     21% calculated
22/02/2014 17:54:18: INFO     22% calculated
22/02/2014 17:54:36: INFO     23% calculated
22/02/2014 17:54:54: INFO     24% calculated
22/02/2014 17:55:12: INFO     25% calculated
22/02/2014 17:55:30: INFO     26% calculated
22/02/2014 17:55:49: INFO     27% calculated
22/02/2014 17:56:07: INFO     28% calculated
22/02/2014 17:56:24: INFO     29% calculated
22/02/2014 17:56:41: INFO     30% calculated
22/02/2014 17:56:58: INFO     31% calculated
22/02/2014 17:57:15: INFO     32% calculated
22/02/2014 17:57:35: INFO     33% calculated
22/02/2014 17:57:53: INFO     34% calculated
22/02/2014 17:58:10: INFO     35% calculated
22/02/2014 17:58:27: INFO     36% calculated
22/02/2014 17:58:45: INFO     37% calculated
22/02/2014 17:59:03: INFO     38% calculated
22/02/2014 17:59:22: INFO     39% calculated
22/02/2014 17:59:51: DEBUG    file logger attached
22/02/2014 17:59:51: INFO     deleting previous results (steps 1-7)
22/02/2014 17:59:51: DEBUG    deleting /Users/Wes/working/trunk/results/2014-02-20 11-31-51/distances_matrix.txt
22/02/2014 17:59:51: DEBUG    deleting /Users/Wes/working/trunk/results/2014-02-20 11-31-51/reference.fasta
22/02/2014 17:59:51: DEBUG    deleting /Users/Wes/working/trunk/results/2014-02-20 11-31-51/blast3.fasta
22/02/2014 17:59:51: DEBUG    deleting /Users/Wes/working/trunk/results/2014-02-20 11-31-51/msa.fasta
22/02/2014 17:59:51: INFO     running step 1 - Step1
22/02/2014 17:59:51: INFO     sequence was extracted from pdb file. sequence length=572
22/02/2014 17:59:54: INFO     running step 2 - manual blast
22/02/2014 18:01:18: INFO     running step 3 - Step3
22/02/2014 18:03:18: INFO     running step 4 - Step4
22/02/2014 18:03:19: INFO     sequence length is 1441
22/02/2014 18:03:19: INFO     found 501 sequences
22/02/2014 18:03:33: INFO     1% calculated
22/02/2014 18:03:47: INFO     2% calculated
22/02/2014 18:04:01: INFO     3% calculated
22/02/2014 18:04:16: INFO     4% calculated
22/02/2014 18:04:30: INFO     5% calculated
22/02/2014 18:04:45: INFO     6% calculated
22/02/2014 18:04:59: INFO     7% calculated
22/02/2014 18:05:13: INFO     8% calculated
22/02/2014 18:05:29: INFO     9% calculated
22/02/2014 18:05:46: INFO     10% calculated
22/02/2014 18:06:05: INFO     11% calculated
22/02/2014 18:06:25: INFO     12% calculated
22/02/2014 18:06:44: INFO     13% calculated
22/02/2014 18:07:03: INFO     14% calculated
22/02/2014 18:07:22: INFO     15% calculated
22/02/2014 18:07:40: INFO     16% calculated
22/02/2014 18:07:59: INFO     17% calculated
22/02/2014 18:08:17: INFO     18% calculated
22/02/2014 18:08:34: INFO     19% calculated
22/02/2014 18:08:52: INFO     20% calculated
22/02/2014 18:09:10: INFO     21% calculated
22/02/2014 18:09:28: INFO     22% calculated
22/02/2014 18:09:46: INFO     23% calculated
22/02/2014 18:10:03: INFO     24% calculated
22/02/2014 18:10:21: INFO     25% calculated
22/02/2014 18:10:39: INFO     26% calculated
22/02/2014 18:10:56: INFO     27% calculated
22/02/2014 18:11:15: INFO     28% calculated
22/02/2014 18:11:33: INFO     29% calculated
22/02/2014 18:11:49: INFO     30% calculated
22/02/2014 18:12:05: INFO     31% calculated
22/02/2014 18:12:23: INFO     32% calculated
22/02/2014 18:12:41: INFO     33% calculated
22/02/2014 18:12:58: INFO     34% calculated
22/02/2014 18:13:15: INFO     35% calculated
22/02/2014 18:13:31: INFO     36% calculated
22/02/2014 18:13:49: INFO     37% calculated
22/02/2014 18:14:08: INFO     38% calculated
22/02/2014 18:14:26: INFO     39% calculated
22/02/2014 18:14:44: INFO     40% calculated
22/02/2014 18:15:02: INFO     41% calculated
22/02/2014 18:15:20: INFO     42% calculated
22/02/2014 18:15:38: INFO     43% calculated
22/02/2014 18:15:56: INFO     44% calculated
22/02/2014 18:16:14: INFO     45% calculated
22/02/2014 18:16:31: INFO     46% calculated
22/02/2014 18:16:49: INFO     47% calculated
22/02/2014 18:17:07: INFO     48% calculated
22/02/2014 18:17:25: INFO     49% calculated
22/02/2014 18:17:42: INFO     50% calculated
22/02/2014 18:17:59: INFO     51% calculated
22/02/2014 18:18:16: INFO     52% calculated
22/02/2014 18:18:34: INFO     53% calculated
22/02/2014 18:18:51: INFO     54% calculated
22/02/2014 18:19:08: INFO     55% calculated
22/02/2014 18:19:25: INFO     56% calculated
22/02/2014 18:19:43: INFO     57% calculated
22/02/2014 18:20:00: INFO     58% calculated
22/02/2014 18:20:17: INFO     59% calculated
22/02/2014 18:20:35: INFO     60% calculated
22/02/2014 18:20:52: INFO     61% calculated
22/02/2014 18:21:09: INFO     62% calculated
22/02/2014 18:21:27: INFO     63% calculated
22/02/2014 18:21:44: INFO     64% calculated
22/02/2014 18:22:00: INFO     65% calculated
22/02/2014 18:22:17: INFO     66% calculated
22/02/2014 18:22:34: INFO     67% calculated
22/02/2014 18:22:51: INFO     68% calculated
22/02/2014 18:23:09: INFO     69% calculated
22/02/2014 18:23:26: INFO     70% calculated
22/02/2014 18:23:42: INFO     71% calculated
22/02/2014 18:24:00: INFO     72% calculated
22/02/2014 18:24:17: INFO     73% calculated
22/02/2014 18:24:34: INFO     74% calculated
22/02/2014 18:24:51: INFO     75% calculated
22/02/2014 18:25:08: INFO     76% calculated
22/02/2014 18:25:25: INFO     77% calculated
22/02/2014 18:25:42: INFO     78% calculated
22/02/2014 18:25:59: INFO     79% calculated
22/02/2014 18:26:16: INFO     80% calculated
22/02/2014 18:26:33: INFO     81% calculated
22/02/2014 18:26:50: INFO     82% calculated
22/02/2014 18:27:07: INFO     83% calculated
22/02/2014 18:27:24: INFO     84% calculated
22/02/2014 18:27:41: INFO     85% calculated
22/02/2014 18:27:58: INFO     86% calculated
22/02/2014 18:28:14: INFO     87% calculated
22/02/2014 18:28:32: INFO     88% calculated
22/02/2014 18:28:50: INFO     89% calculated
22/02/2014 18:29:07: INFO     90% calculated
22/02/2014 18:29:25: INFO     91% calculated
22/02/2014 18:29:42: INFO     92% calculated
22/02/2014 18:29:58: INFO     93% calculated
22/02/2014 18:30:15: INFO     94% calculated
22/02/2014 18:30:32: INFO     95% calculated
22/02/2014 18:30:49: INFO     96% calculated
22/02/2014 18:31:06: INFO     97% calculated
22/02/2014 18:31:22: INFO     98% calculated
22/02/2014 18:31:39: INFO     99% calculated
22/02/2014 18:31:54: INFO     running step 5 - Step5
22/02/2014 18:32:17: INFO     running step 6 - Step6
22/02/2014 18:32:18: INFO     running step 7 - Step7
22/02/2014 18:32:18: INFO     correlations has 572 lines. distances has 572 lines
22/02/2014 18:38:44: DEBUG    file logger attached
22/02/2014 18:38:44: INFO     deleting previous results (steps 5-7)
22/02/2014 18:38:44: DEBUG    deleting /Users/Wes/working/trunk/results/2014-02-20 11-31-51/correlations_reduced.txt
22/02/2014 18:38:44: DEBUG    deleting /Users/Wes/working/trunk/results/2014-02-20 11-31-51/correlation_for_pair.txt
22/02/2014 18:38:44: INFO     running step 5 - Step5
22/02/2014 18:39:09: INFO     running step 6 - Step6
22/02/2014 18:39:10: INFO     running step 7 - Step7
22/02/2014 18:39:10: INFO     correlations has 572 lines. distances has 572 lines
22/02/2014 19:03:44: DEBUG    file logger attached
22/02/2014 19:03:44: INFO     deleting previous results (steps 1-7)
22/02/2014 19:03:44: DEBUG    deleting /Users/Wes/working/trunk/results/2014-02-20 11-31-51/distances_matrix.txt
22/02/2014 19:03:44: DEBUG    deleting /Users/Wes/working/trunk/results/2014-02-20 11-31-51/reference.fasta
22/02/2014 19:03:44: DEBUG    deleting /Users/Wes/working/trunk/results/2014-02-20 11-31-51/blast3.fasta
22/02/2014 19:03:44: DEBUG    deleting /Users/Wes/working/trunk/results/2014-02-20 11-31-51/msa.fasta
22/02/2014 19:03:44: DEBUG    deleting /Users/Wes/working/trunk/results/2014-02-20 11-31-51/correlations.txt
22/02/2014 19:03:44: DEBUG    deleting /Users/Wes/working/trunk/results/2014-02-20 11-31-51/correlations_reduced.txt
22/02/2014 19:03:44: DEBUG    deleting /Users/Wes/working/trunk/results/2014-02-20 11-31-51/correlation_for_pair.txt
22/02/2014 19:03:44: INFO     running step 1 - Step1
22/02/2014 19:04:05: DEBUG    file logger attached
22/02/2014 19:04:05: INFO     deleting previous results (steps 1-7)
22/02/2014 19:04:05: INFO     running step 1 - Step1
22/02/2014 19:04:05: INFO     running step 2 - manual blast
22/02/2014 19:05:28: DEBUG    file logger attached
22/02/2014 19:05:28: INFO     deleting previous results (steps 1-7)
22/02/2014 19:05:28: DEBUG    deleting /Users/Wes/working/trunk/results/2014-02-20 11-31-51/reference.fasta
22/02/2014 19:05:28: INFO     running step 1 - Step1
22/02/2014 19:05:28: INFO     running step 2 - manual blast
