10/03/2014 16:06:00: DEBUG    file logger attached
10/03/2014 16:06:00: INFO     running step 1 - Step1
10/03/2014 16:06:00: INFO     sequence was extracted from pdb file. sequence length=153
10/03/2014 16:06:00: INFO     running step 2 - manual blast
10/03/2014 16:12:26: INFO     running step 3 - Step3
10/03/2014 16:12:33: INFO     running step 4 - Step4
10/03/2014 16:12:34: INFO     sequence length is 1433
10/03/2014 16:12:34: INFO     found 501 sequences
10/03/2014 16:12:48: INFO     1% calculated
10/03/2014 16:13:02: INFO     2% calculated
10/03/2014 16:13:18: INFO     3% calculated
10/03/2014 16:13:34: INFO     4% calculated
10/03/2014 16:13:51: INFO     5% calculated
10/03/2014 16:14:08: INFO     6% calculated
10/03/2014 16:14:24: INFO     7% calculated
10/03/2014 16:14:42: INFO     8% calculated
10/03/2014 16:15:02: INFO     9% calculated
10/03/2014 16:15:21: INFO     10% calculated
10/03/2014 16:15:40: INFO     11% calculated
10/03/2014 16:15:59: INFO     12% calculated
10/03/2014 16:16:17: INFO     13% calculated
10/03/2014 16:16:36: INFO     14% calculated
10/03/2014 16:16:54: INFO     15% calculated
10/03/2014 16:17:12: INFO     16% calculated
10/03/2014 16:17:30: INFO     17% calculated
10/03/2014 16:17:48: INFO     18% calculated
10/03/2014 16:18:05: INFO     19% calculated
10/03/2014 16:18:23: INFO     20% calculated
10/03/2014 16:18:40: INFO     21% calculated
10/03/2014 16:18:58: INFO     22% calculated
10/03/2014 16:19:15: INFO     23% calculated
10/03/2014 16:19:32: INFO     24% calculated
10/03/2014 16:19:49: INFO     25% calculated
10/03/2014 16:20:07: INFO     26% calculated
10/03/2014 16:20:23: INFO     27% calculated
10/03/2014 16:20:40: INFO     28% calculated
10/03/2014 16:20:58: INFO     29% calculated
10/03/2014 16:21:15: INFO     30% calculated
10/03/2014 16:21:32: INFO     31% calculated
10/03/2014 16:21:50: INFO     32% calculated
10/03/2014 16:22:06: INFO     33% calculated
10/03/2014 16:22:23: INFO     34% calculated
10/03/2014 16:22:40: INFO     35% calculated
10/03/2014 16:22:57: INFO     36% calculated
10/03/2014 16:23:13: INFO     37% calculated
10/03/2014 16:23:30: INFO     38% calculated
10/03/2014 16:23:46: INFO     39% calculated
10/03/2014 16:24:03: INFO     40% calculated
10/03/2014 16:24:20: INFO     41% calculated
10/03/2014 16:24:36: INFO     42% calculated
10/03/2014 16:24:52: INFO     43% calculated
10/03/2014 16:25:09: INFO     44% calculated
10/03/2014 16:25:26: INFO     45% calculated
10/03/2014 16:25:42: INFO     46% calculated
10/03/2014 16:25:59: INFO     47% calculated
10/03/2014 16:26:15: INFO     48% calculated
10/03/2014 16:26:31: INFO     49% calculated
10/03/2014 16:26:47: INFO     50% calculated
10/03/2014 16:27:03: INFO     51% calculated
10/03/2014 16:27:19: INFO     52% calculated
10/03/2014 16:27:35: INFO     53% calculated
10/03/2014 16:27:51: INFO     54% calculated
10/03/2014 16:28:07: INFO     55% calculated
10/03/2014 16:28:23: INFO     56% calculated
10/03/2014 16:28:39: INFO     57% calculated
10/03/2014 16:28:56: INFO     58% calculated
10/03/2014 16:29:12: INFO     59% calculated
10/03/2014 16:29:28: INFO     60% calculated
10/03/2014 16:29:44: INFO     61% calculated
10/03/2014 16:30:00: INFO     62% calculated
10/03/2014 16:30:16: INFO     63% calculated
10/03/2014 16:30:32: INFO     64% calculated
10/03/2014 16:30:48: INFO     65% calculated
10/03/2014 16:31:04: INFO     66% calculated
10/03/2014 16:31:20: INFO     67% calculated
10/03/2014 16:31:36: INFO     68% calculated
10/03/2014 16:31:52: INFO     69% calculated
10/03/2014 16:32:08: INFO     70% calculated
10/03/2014 16:32:24: INFO     71% calculated
10/03/2014 16:32:40: INFO     72% calculated
10/03/2014 16:32:56: INFO     73% calculated
10/03/2014 16:33:12: INFO     74% calculated
10/03/2014 16:33:28: INFO     75% calculated
10/03/2014 16:33:44: INFO     76% calculated
10/03/2014 16:34:00: INFO     77% calculated
10/03/2014 16:34:16: INFO     78% calculated
10/03/2014 16:34:31: INFO     79% calculated
10/03/2014 16:34:47: INFO     80% calculated
10/03/2014 16:35:03: INFO     81% calculated
10/03/2014 16:35:19: INFO     82% calculated
10/03/2014 16:35:34: INFO     83% calculated
10/03/2014 16:35:50: INFO     84% calculated
10/03/2014 16:36:06: INFO     85% calculated
10/03/2014 16:36:21: INFO     86% calculated
10/03/2014 16:36:37: INFO     87% calculated
10/03/2014 16:36:53: INFO     88% calculated
10/03/2014 16:37:09: INFO     89% calculated
10/03/2014 16:37:25: INFO     90% calculated
10/03/2014 16:37:40: INFO     91% calculated
10/03/2014 16:37:56: INFO     92% calculated
10/03/2014 16:38:11: INFO     93% calculated
10/03/2014 16:38:27: INFO     94% calculated
10/03/2014 16:38:42: INFO     95% calculated
10/03/2014 16:38:58: INFO     96% calculated
10/03/2014 16:39:13: INFO     97% calculated
10/03/2014 16:39:29: INFO     98% calculated
10/03/2014 16:39:44: INFO     99% calculated
10/03/2014 16:39:59: INFO     running step 5 - Step5
10/03/2014 16:40:22: INFO     running step 6 - Step6
10/03/2014 16:40:22: INFO     running step 7 - Step7
10/03/2014 16:40:22: INFO     correlations has 153 lines. distances has 153 lines
10/03/2014 16:41:11: DEBUG    file logger attached
10/03/2014 16:41:11: INFO     deleting previous results (steps 7-7)
10/03/2014 16:41:11: INFO     running step 7 - Step7
10/03/2014 16:41:11: INFO     correlations has 153 lines. distances has 153 lines
10/03/2014 16:45:58: DEBUG    file logger attached
10/03/2014 16:45:58: INFO     deleting previous results (steps 7-7)
10/03/2014 16:45:58: INFO     running step 7 - Step7
10/03/2014 16:45:58: INFO     correlations has 153 lines. distances has 153 lines
10/03/2014 16:56:45: DEBUG    file logger attached
10/03/2014 16:56:45: INFO     deleting previous results (steps 7-7)
10/03/2014 16:56:45: INFO     running step 7 - Step7
10/03/2014 16:56:45: INFO     correlations has 153 lines. distances has 153 lines
10/03/2014 16:59:08: DEBUG    file logger attached
10/03/2014 16:59:08: INFO     deleting previous results (steps 7-7)
10/03/2014 16:59:08: INFO     running step 7 - Step7
10/03/2014 16:59:08: INFO     correlations has 153 lines. distances has 153 lines
16/03/2014 15:23:14: DEBUG    file logger attached
16/03/2014 15:23:14: INFO     deleting previous results (steps 7-7)
16/03/2014 15:23:14: INFO     running step 7 - Step7
16/03/2014 15:23:14: INFO     correlations has 153 lines. distances has 153 lines
16/03/2014 15:30:00: DEBUG    file logger attached
16/03/2014 15:30:00: INFO     deleting previous results (steps 7-7)
16/03/2014 15:30:00: INFO     running step 7 - Step7
16/03/2014 15:30:00: INFO     correlations has 153 lines. distances has 153 lines
16/03/2014 15:31:33: DEBUG    file logger attached
16/03/2014 15:31:33: INFO     deleting previous results (steps 7-7)
16/03/2014 15:31:33: INFO     running step 7 - Step7
16/03/2014 15:31:33: INFO     correlations has 153 lines. distances has 153 lines
16/03/2014 15:33:52: DEBUG    file logger attached
16/03/2014 15:33:52: INFO     deleting previous results (steps 7-7)
16/03/2014 15:33:52: INFO     running step 7 - Step7
16/03/2014 15:33:52: INFO     correlations has 153 lines. distances has 153 lines
16/03/2014 15:36:25: DEBUG    file logger attached
16/03/2014 15:36:25: INFO     deleting previous results (steps 7-7)
16/03/2014 15:36:25: INFO     running step 7 - Step7
16/03/2014 15:36:25: INFO     correlations has 153 lines. distances has 153 lines
16/03/2014 15:37:29: DEBUG    file logger attached
16/03/2014 15:37:29: INFO     deleting previous results (steps 7-7)
16/03/2014 15:37:29: INFO     running step 7 - Step7
16/03/2014 15:37:29: INFO     correlations has 153 lines. distances has 153 lines
16/03/2014 15:38:56: DEBUG    file logger attached
16/03/2014 15:38:56: INFO     deleting previous results (steps 7-7)
16/03/2014 15:38:56: INFO     running step 7 - Step7
16/03/2014 15:38:56: INFO     correlations has 153 lines. distances has 153 lines
16/03/2014 15:40:07: DEBUG    file logger attached
16/03/2014 15:40:07: INFO     deleting previous results (steps 7-7)
16/03/2014 15:40:07: INFO     running step 7 - Step7
16/03/2014 15:40:07: INFO     correlations has 153 lines. distances has 153 lines
16/03/2014 15:54:50: DEBUG    file logger attached
16/03/2014 15:54:50: INFO     deleting previous results (steps 7-7)
16/03/2014 15:54:50: INFO     running step 7 - Step7
16/03/2014 15:54:50: INFO     correlations has 153 lines. distances has 153 lines
