18/03/2014 16:13:20: DEBUG    file logger attached
18/03/2014 16:13:20: INFO     running step 1 - Step1
18/03/2014 16:13:20: INFO     sequence was extracted from pdb file. sequence length=199
18/03/2014 16:13:21: INFO     running step 2 - manual blast
18/03/2014 16:30:45: INFO     running step 3 - Step3
18/03/2014 16:31:02: INFO     running step 4 - Step4
18/03/2014 16:31:03: INFO     sequence length is 608
18/03/2014 16:31:03: INFO     found 1048 sequences
18/03/2014 16:33:59: DEBUG    file logger attached
18/03/2014 16:33:59: INFO     deleting previous results (steps 4-7)
18/03/2014 16:33:59: INFO     running step 4 - Step4
18/03/2014 16:34:00: INFO     sequence length is 608
18/03/2014 16:34:00: INFO     found 1048 sequences
18/03/2014 16:34:39: DEBUG    file logger attached
18/03/2014 16:34:39: INFO     deleting previous results (steps 4-7)
18/03/2014 16:34:39: INFO     running step 4 - Step4
18/03/2014 16:34:40: INFO     sequence length is 608
18/03/2014 16:34:40: INFO     found 1048 sequences
18/03/2014 16:34:48: DEBUG    file logger attached
18/03/2014 16:34:48: INFO     deleting previous results (steps 4-7)
18/03/2014 16:34:48: INFO     running step 4 - Step4
18/03/2014 16:34:49: INFO     sequence length is 608
18/03/2014 16:34:49: INFO     found 1048 sequences
18/03/2014 16:35:16: DEBUG    file logger attached
18/03/2014 16:35:16: INFO     deleting previous results (steps 4-7)
18/03/2014 16:35:16: INFO     running step 4 - Step4
18/03/2014 16:35:17: INFO     sequence length is 608
18/03/2014 16:35:17: INFO     found 1048 sequences
